<?xml version="1.0" encoding="UTF-8"?>
<!-- Generated by org.testng.reporters.JUnitReportReporter -->
<testsuite hostname="Mohammads-MacBook-Pro.local" failures="0" tests="5" name="myTestCasesExam.Tests" time="27.788" errors="0" timestamp="2024-02-10T15:11:56 EET" skipped="1">
  <testcase classname="myTestCasesExam.Tests" name="SignUpTest" time="9.876"/>
  <system-out/>
  <testcase classname="myTestCasesExam.Tests" name="logoutProcess" time="1.832"/>
  <system-out/>
  <testcase classname="myTestCasesExam.Tests" name="LoginProcess" time="6.262"/>
  <system-out/>
  <testcase classname="myTestCasesExam.Tests" name="Requirment7" time="9.818"/>
  <system-out/>
  <testcase classname="myTestCasesExam.Tests" name="Draft">
    <skipped/>
  </testcase> <!-- Draft -->
  <system-out/>
</testsuite> <!-- myTestCasesExam.Tests -->
